[2025-07-08 06:33:43] [Watcher] Bắt đầu theo dõi fanpage qua facebook-scraper
[2025-07-08 06:33:43] [Watcher]     Đang theo dõi tiemcaphecu
[2025-07-08 06:33:44] [MỚI]         tiemcaphecu – https://www.facebook.com/tiemcaphecu/videos/961861465851955
[2025-07-08 06:33:46] [downloading...] https://www.facebook.com/tiemcaphecu/videos/961861465851955
[2025-07-08 06:33:48] [DOWNLOADER] OK – Tạm biệt 2024!
Chào 2025 với tất cả niềm tin yêu và kỳ vọng, chúc mọi người xung quanh đều hạnh phúc
[2025-07-08 06:35:36] [Watcher] Bắt đầu theo dõi fanpage qua facebook-scraper
[2025-07-08 06:35:36] [Watcher]     Đang theo dõi tiemcaphecu
[2025-07-08 06:35:37] [MỚI]         tiemcaphecu – https://www.facebook.com/tiemcaphecu/videos/961861465851955
[2025-07-08 06:35:40] [downloading...] https://www.facebook.com/tiemcaphecu/videos/961861465851955
[2025-07-08 06:35:42] [DOWNLOADER] OK – Tạm biệt 2024!
Chào 2025 với tất cả niềm tin yêu và kỳ vọng, chúc mọi người xung quanh đều hạnh phúc
[2025-07-08 06:36:30] [Watcher] Bắt đầu theo dõi fanpage qua facebook-scraper
[2025-07-08 06:36:30] [Watcher]     Đang theo dõi tiemcaphecu
[2025-07-08 06:36:31] [MỚI]         tiemcaphecu – https://www.facebook.com/tiemcaphecu/videos/961861465851955
[2025-07-08 06:36:33] [downloading...] https://www.facebook.com/tiemcaphecu/videos/961861465851955
[2025-07-08 06:36:35] [DOWNLOADER] OK – Tạm biệt 2024!
Chào 2025 với tất cả niềm tin yêu và kỳ vọng, chúc mọi người xung quanh đều hạnh phúc
[2025-07-08 06:36:47] [Watcher] Bắt đầu theo dõi fanpage qua facebook-scraper
[2025-07-08 06:36:47] [Watcher]     Đang theo dõi tiemcaphecu
[2025-07-08 06:36:48] [MỚI]         tiemcaphecu – https://www.facebook.com/tiemcaphecu/videos/961861465851955
[2025-07-08 06:36:50] [downloading...] https://www.facebook.com/tiemcaphecu/videos/961861465851955
[2025-07-08 06:36:51] [DOWNLOADER] OK – Tạm biệt 2024!
Chào 2025 với tất cả niềm tin yêu và kỳ vọng, chúc mọi người xung quanh đều hạnh phúc
[2025-07-08 06:37:48] [Watcher]     Đang theo dõi tiemcaphecu
[2025-07-08 06:37:49] [MỚI]         tiemcaphecu – https://www.facebook.com/tiemcaphecu/videos/961861465851955
[2025-07-08 06:37:51] [downloading...] https://www.facebook.com/tiemcaphecu/videos/961861465851955
[2025-07-08 06:37:53] [DOWNLOADER] OK – Tạm biệt 2024!
Chào 2025 với tất cả niềm tin yêu và kỳ vọng, chúc mọi người xung quanh đều hạnh phúc
[2025-07-08 06:38:49] [Watcher]     Đang theo dõi tiemcaphecu
[2025-07-08 06:38:51] [MỚI]         tiemcaphecu – https://www.facebook.com/tiemcaphecu/videos/961861465851955
[2025-07-08 06:38:52] [downloading...] https://www.facebook.com/tiemcaphecu/videos/961861465851955
[2025-07-08 06:38:54] [DOWNLOADER] OK – Tạm biệt 2024!
Chào 2025 với tất cả niềm tin yêu và kỳ vọng, chúc mọi người xung quanh đều hạnh phúc
[2025-07-08 07:12:26] [downloading...] https://www.facebook.com/reel/1272204570558359
[2025-07-08 07:12:28] [DOWNLOADER] OK – Nghỉ hưu gặp nghỉ tết kiểu:.
